<?xml version="1.0" encoding="UTF-8"?>
<testsuite xmlns:xsi="http://www.w3.org/2001/XMLSchema-instance" xsi:noNamespaceSchemaLocation="https://maven.apache.org/surefire/maven-surefire-plugin/xsd/surefire-test-report-3.0.xsd" version="3.0" name="TestSuite" time="8.648" tests="2" errors="0" skipped="0" failures="0">
  <properties>
[...]
</properties>
  <testcase name="testLoginWithValidCredentials" classname="tests.LoginTest" time="0.788">
    <system-out><![CDATA[[INFO ] 2025-07-18 00:20:15.654 [main] factory.DriverFactory::initializeDriver::29 - Chrome browser launched.
[INFO ] 2025-07-18 00:20:15.689 [main] factory.DriverFactory::initializeDriver::32 - Implicit wait set to 10 seconds.
[INFO ] 2025-07-18 00:20:15.782 [main] factory.DriverFactory::initializeDriver::34 - Webdriver initialised successfully.
[INFO ] 2025-07-18 00:20:15.786 [main] base.BaseTest::setup::21 - Navigated to url: https://www.saucedemo.com
[INFO ] 2025-07-18 00:20:16.699 [main] pages.LoginPage::login::26 - Entered 'standard_user' in the username textbox.
[INFO ] 2025-07-18 00:20:16.827 [main] pages.LoginPage::login::28 - Entered 'secret_sauce' in the password textbox.
[INFO ] 2025-07-18 00:20:17.038 [main] pages.LoginPage::login::30 - Clicked on the Login button.
[INFO ] 2025-07-18 00:20:17.096 [main] pages.ProductsPage::isPageDisplayed::40 - Products page displayed.
]]></system-out>
    <system-err><![CDATA[SLF4J(W): No SLF4J providers were found.
SLF4J(W): Defaulting to no-operation (NOP) logger implementation
SLF4J(W): See https://www.slf4j.org/codes.html#noProviders for further details.
]]></system-err>
  </testcase>
  <testcase name="testLogout" classname="tests.LogoutTest" time="1.434">
    <system-out><![CDATA[[INFO ] 2025-07-18 00:20:18.779 [main] factory.DriverFactory::initializeDriver::29 - Chrome browser launched.
[INFO ] 2025-07-18 00:20:18.798 [main] factory.DriverFactory::initializeDriver::32 - Implicit wait set to 10 seconds.
[INFO ] 2025-07-18 00:20:18.859 [main] factory.DriverFactory::initializeDriver::34 - Webdriver initialised successfully.
[INFO ] 2025-07-18 00:20:18.862 [main] base.BaseTest::setup::21 - Navigated to url: https://www.saucedemo.com
[INFO ] 2025-07-18 00:20:19.654 [main] pages.LoginPage::login::26 - Entered 'standard_user' in the username textbox.
[INFO ] 2025-07-18 00:20:19.789 [main] pages.LoginPage::login::28 - Entered 'secret_sauce' in the password textbox.
[INFO ] 2025-07-18 00:20:19.988 [main] pages.LoginPage::login::30 - Clicked on the Login button.
[INFO ] 2025-07-18 00:20:20.175 [main] pages.ProductsPage::logout::26 - Clicked on the Menu button.
[INFO ] 2025-07-18 00:20:20.861 [main] pages.ProductsPage::logout::28 - Clicked on the Logout link.
[INFO ] 2025-07-18 00:20:20.893 [main] pages.LoginPage::isPageDisplayed::42 - Login page displayed.
]]></system-out>
  </testcase>
</testsuite>