<?xml version="1.0" encoding="UTF-8"?>
<testng-results ignored="0" total="2" passed="2" failed="0" skipped="0">
  <reporter-output>
  </reporter-output>
  <suite started-at="2025-07-16T21:53:08 IST" name="Surefire suite" finished-at="2025-07-16T21:53:16 IST" duration-ms="7138">
    <groups>
    </groups>
    <test started-at="2025-07-16T21:53:08 IST" name="Surefire test" finished-at="2025-07-16T21:53:16 IST" duration-ms="7138">
      <class name="tests.LoginTest">
        <test-method is-config="true" signature="setup()[pri:0, instance:tests.LoginTest@62833051]" started-at="2025-07-16T21:53:08 IST" name="setup" finished-at="2025-07-16T21:53:10 IST" duration-ms="2054" status="PASS">
          <reporter-output>
          </reporter-output>
        </test-method> <!-- setup -->
        <test-method signature="testLoginWithValidCredentials()[pri:0, instance:tests.LoginTest@62833051]" started-at="2025-07-16T21:53:10 IST" name="testLoginWithValidCredentials" finished-at="2025-07-16T21:53:12 IST" duration-ms="1258" status="PASS">
          <reporter-output>
          </reporter-output>
        </test-method> <!-- testLoginWithValidCredentials -->
        <test-method is-config="true" signature="tearDown()[pri:0, instance:tests.LoginTest@62833051]" started-at="2025-07-16T21:53:12 IST" name="tearDown" finished-at="2025-07-16T21:53:12 IST" duration-ms="344" status="PASS">
          <reporter-output>
          </reporter-output>
        </test-method> <!-- tearDown -->
      </class> <!-- tests.LoginTest -->
      <class name="tests.LogoutTest">
        <test-method is-config="true" signature="setup()[pri:0, instance:tests.LogoutTest@135606db]" started-at="2025-07-16T21:53:12 IST" name="setup" finished-at="2025-07-16T21:53:14 IST" duration-ms="1735" status="PASS">
          <reporter-output>
          </reporter-output>
        </test-method> <!-- setup -->
        <test-method signature="testLogout()[pri:0, instance:tests.LogoutTest@135606db]" started-at="2025-07-16T21:53:14 IST" name="testLogout" finished-at="2025-07-16T21:53:15 IST" duration-ms="1493" status="PASS">
          <reporter-output>
          </reporter-output>
        </test-method> <!-- testLogout -->
        <test-method is-config="true" signature="tearDown()[pri:0, instance:tests.LogoutTest@135606db]" started-at="2025-07-16T21:53:15 IST" name="tearDown" finished-at="2025-07-16T21:53:16 IST" duration-ms="196" status="PASS">
          <reporter-output>
          </reporter-output>
        </test-method> <!-- tearDown -->
      </class> <!-- tests.LogoutTest -->
    </test> <!-- Surefire test -->
  </suite> <!-- Surefire suite -->
</testng-results>
