<?xml version="1.0" encoding="UTF-8"?>
<testng-results ignored="0" total="2" passed="2" failed="0" skipped="0">
  <reporter-output>
  </reporter-output>
  <suite started-at="2025-07-18T00:20:13 IST" name="Automation Suite (Logging Using Log4j2)" finished-at="2025-07-18T00:20:21 IST" duration-ms="7422">
    <groups>
      <group name="Sanity">
        <method signature="LoginTest.testLoginWithValidCredentials()[pri:1, instance:tests.LoginTest@5a5338df]" name="testLoginWithValidCredentials" class="tests.LoginTest"/>
        <method signature="LogoutTest.testLogout()[pri:1, instance:tests.LogoutTest@3d246ea3]" name="testLogout" class="tests.LogoutTest"/>
      </group> <!-- Sanity -->
      <group name="Regression">
        <method signature="LoginTest.testLoginWithValidCredentials()[pri:1, instance:tests.LoginTest@5a5338df]" name="testLoginWithValidCredentials" class="tests.LoginTest"/>
        <method signature="LogoutTest.testLogout()[pri:1, instance:tests.LogoutTest@3d246ea3]" name="testLogout" class="tests.LogoutTest"/>
      </group> <!-- Regression -->
    </groups>
    <test started-at="2025-07-18T00:20:13 IST" name="Regression Test" finished-at="2025-07-18T00:20:21 IST" duration-ms="7422">
      <class name="tests.LoginTest">
        <test-method is-config="true" signature="setup()[pri:0, instance:tests.LoginTest@5a5338df]" started-at="2025-07-18T00:20:13 IST" name="setup" finished-at="2025-07-18T00:20:16 IST" duration-ms="2563" status="PASS">
          <reporter-output>
          </reporter-output>
        </test-method> <!-- setup -->
        <test-method signature="testLoginWithValidCredentials()[pri:1, instance:tests.LoginTest@5a5338df]" started-at="2025-07-18T00:20:16 IST" name="testLoginWithValidCredentials" description="Test to verify login with valid credentials." finished-at="2025-07-18T00:20:17 IST" duration-ms="788" status="PASS">
          <reporter-output>
          </reporter-output>
        </test-method> <!-- testLoginWithValidCredentials -->
        <test-method is-config="true" signature="tearDown()[pri:0, instance:tests.LoginTest@5a5338df]" started-at="2025-07-18T00:20:17 IST" name="tearDown" finished-at="2025-07-18T00:20:17 IST" duration-ms="293" status="PASS">
          <reporter-output>
          </reporter-output>
        </test-method> <!-- tearDown -->
      </class> <!-- tests.LoginTest -->
      <class name="tests.LogoutTest">
        <test-method is-config="true" signature="setup()[pri:0, instance:tests.LogoutTest@3d246ea3]" started-at="2025-07-18T00:20:17 IST" name="setup" finished-at="2025-07-18T00:20:19 IST" duration-ms="2045" status="PASS">
          <reporter-output>
          </reporter-output>
        </test-method> <!-- setup -->
        <test-method signature="testLogout()[pri:1, instance:tests.LogoutTest@3d246ea3]" started-at="2025-07-18T00:20:19 IST" name="testLogout" description="Test to verify logout functionality." finished-at="2025-07-18T00:20:20 IST" duration-ms="1434" status="PASS">
          <reporter-output>
          </reporter-output>
        </test-method> <!-- testLogout -->
        <test-method is-config="true" signature="tearDown()[pri:0, instance:tests.LogoutTest@3d246ea3]" started-at="2025-07-18T00:20:20 IST" name="tearDown" finished-at="2025-07-18T00:20:21 IST" duration-ms="241" status="PASS">
          <reporter-output>
          </reporter-output>
        </test-method> <!-- tearDown -->
      </class> <!-- tests.LogoutTest -->
    </test> <!-- Regression Test -->
  </suite> <!-- Automation Suite (Logging Using Log4j2) -->
</testng-results>
