<?xml version="1.0" encoding="UTF-8"?>
<testng-results ignored="0" total="2" passed="2" failed="0" skipped="0">
  <reporter-output>
  </reporter-output>
  <suite started-at="2025-07-16T19:37:35 IST" name="Automation Suite" finished-at="2025-07-16T19:37:42 IST" duration-ms="7244">
    <groups>
    </groups>
    <test started-at="2025-07-16T19:37:35 IST" name="Regression Test" finished-at="2025-07-16T19:37:42 IST" duration-ms="7244">
      <class name="tests.LoginTest">
        <test-method is-config="true" signature="setup()[pri:0, instance:tests.LoginTest@5c44c582]" started-at="2025-07-16T19:37:35 IST" name="setup" finished-at="2025-07-16T19:37:38 IST" duration-ms="2701" status="PASS">
          <reporter-output>
          </reporter-output>
        </test-method> <!-- setup -->
        <test-method signature="testLoginWithValidCredentials()[pri:0, instance:tests.LoginTest@5c44c582]" started-at="2025-07-16T19:37:38 IST" name="testLoginWithValidCredentials" finished-at="2025-07-16T19:37:38 IST" duration-ms="665" status="PASS">
          <reporter-output>
          </reporter-output>
        </test-method> <!-- testLoginWithValidCredentials -->
        <test-method is-config="true" signature="tearDown()[pri:0, instance:tests.LoginTest@5c44c582]" started-at="2025-07-16T19:37:38 IST" name="tearDown" finished-at="2025-07-16T19:37:39 IST" duration-ms="276" status="PASS">
          <reporter-output>
          </reporter-output>
        </test-method> <!-- tearDown -->
      </class> <!-- tests.LoginTest -->
      <class name="tests.LogoutTest">
        <test-method is-config="true" signature="setup()[pri:0, instance:tests.LogoutTest@6ccdb29f]" started-at="2025-07-16T19:37:39 IST" name="setup" finished-at="2025-07-16T19:37:40 IST" duration-ms="1887" status="PASS">
          <reporter-output>
          </reporter-output>
        </test-method> <!-- setup -->
        <test-method signature="testLogout()[pri:0, instance:tests.LogoutTest@6ccdb29f]" started-at="2025-07-16T19:37:40 IST" name="testLogout" finished-at="2025-07-16T19:37:42 IST" duration-ms="1390" status="PASS">
          <reporter-output>
          </reporter-output>
        </test-method> <!-- testLogout -->
        <test-method is-config="true" signature="tearDown()[pri:0, instance:tests.LogoutTest@6ccdb29f]" started-at="2025-07-16T19:37:42 IST" name="tearDown" finished-at="2025-07-16T19:37:42 IST" duration-ms="241" status="PASS">
          <reporter-output>
          </reporter-output>
        </test-method> <!-- tearDown -->
      </class> <!-- tests.LogoutTest -->
    </test> <!-- Regression Test -->
  </suite> <!-- Automation Suite -->
</testng-results>
